nohup: å¿½ç•¥è¾“å…¥
[INFO] [launch]: All log files can be found below /tmp/2025-09-10-21-32-08-087219-xkh-virtual-machine-16151
[INFO] [launch]: Default logging verbosity is set to INFO
[INFO] [usb_camera_node-1]: process started with pid [16153]
[INFO] [rm_detector_node-2]: process started with pid [16155]
[INFO] [rm_tracker_node-3]: process started with pid [16157]
[rm_detector_node-2] [0m[INFO] [1757511128.185818828] [rm_detector]: Classifier model file: mlp.onnx[0m
[rm_detector_node-2] [0m[INFO] [1757511128.185929436] [rm_detector]: Classifier model path: /home/xkh/DT46_VISION/install/rm_detector/share/rm_detector/model/mlp.onnx[0m
[rm_detector_node-2] [0m[INFO] [1757511128.187374525] [rm_detector]: [Classifier] Loaded ONNX: /home/xkh/DT46_VISION/install/rm_detector/share/rm_detector/model/mlp.onnx[0m
[rm_detector_node-2] [0m[INFO] [1757511128.191270034] [rm_detector]: Armor Detector Node has been started.[0m
[usb_camera_node-1] [0m[INFO] [1757511128.676626925] [usb_camera]: camera calibration URL: package://usb_camera/config/camera_info.yaml[0m
[usb_camera_node-1] [0m[INFO] [1757511128.677401306] [usb_camera]: Loaded camera_info from: package://usb_camera/config/camera_info.yaml[0m
[usb_camera_node-1] [0m[INFO] [1757511128.698341817] [usb_camera]: Opening camera: /dev/video0[0m
[rm_tracker_node-3] [0m[INFO] [1757511128.703671669] [rm_tracker]: Armor Tracker Node started (IMM-3D + Ballistics).[0m
[rm_tracker_node-3] [33m[WARN] [1757511128.704405678] [rm_tracker]: IMM å‚æ•°åŒæ­¥å®Œæˆï¼šå·²é‡å»ºæ»¤æ³¢å™¨[0m
[usb_camera_node-1] [0m[INFO] [1757511128.960057892] [usb_camera]: Set FOURCC MJPG -> OK[0m
[usb_camera_node-1] [0m[INFO] [1757511129.008720124] [usb_camera]: Camera ready: 640x480 @ 30.00 FPS[0m
[usb_camera_node-1] [0m[INFO] [1757511129.008889743] [usb_camera]: rm_vision_ros2_usb_camera_node started.[0m
[rm_detector_node-2] [0m[INFO] [1757511129.371598626] [rm_detector]: [38;5;218mNo armors detected[0m[0m
[rm_detector_node-2] [33m[WARN] [1757511129.371708479] [rm_detector]: [FPS_detector] 664.4[0m
[rm_tracker_node-3] [0m[INFO] [1757511129.373351827] [rm_tracker]: è¿½è¸ª[31mçº¢è‰²[0mè£…ç”²æ¿[0m
[rm_tracker_node-3] [0m[INFO] [1757511129.373704099] [rm_tracker]: å‘å¸ƒ [96myaw[0m:[38;5;218m0.00[0m || [96mpitch[0m:[38;5;218m0.00[0m || [96mshoot[0m:[38;5;218m0[0m[0m
[rm_tracker_node-3] [33m[WARN] [1757511129.692057054] [rm_tracker]: [FPS_track] 935.0[0m
[rm_detector_node-2] [0m[INFO] [1757511130.371687614] [rm_detector]: [38;5;218mNo armors detected[0m[0m
[rm_detector_node-2] [33m[WARN] [1757511130.371757872] [rm_detector]: [FPS_detector] 3127.0[0m
[rm_tracker_node-3] [0m[INFO] [1757511130.373568239] [rm_tracker]: è¿½è¸ª[31mçº¢è‰²[0mè£…ç”²æ¿[0m
[rm_tracker_node-3] [0m[INFO] [1757511130.373895474] [rm_tracker]: å‘å¸ƒ [96myaw[0m:[38;5;218m0.00[0m || [96mpitch[0m:[38;5;218m0.00[0m || [96mshoot[0m:[38;5;218m0[0m[0m
[rm_tracker_node-3] [33m[WARN] [1757511130.692492920] [rm_tracker]: [FPS_track] 3138.1[0m
[rm_detector_node-2] [0m[INFO] [1757511131.371891732] [rm_detector]: [38;5;218mNo armors detected[0m[0m
[rm_detector_node-2] [33m[WARN] [1757511131.371949210] [rm_detector]: [FPS_detector] 3078.0[0m
[rm_tracker_node-3] [0m[INFO] [1757511131.374265843] [rm_tracker]: è¿½è¸ª[31mçº¢è‰²[0mè£…ç”²æ¿[0m
[rm_tracker_node-3] [0m[INFO] [1757511131.374692194] [rm_tracker]: å‘å¸ƒ [96myaw[0m:[38;5;218m0.00[0m || [96mpitch[0m:[38;5;218m0.00[0m || [96mshoot[0m:[38;5;218m0[0m[0m
[rm_tracker_node-3] [33m[WARN] [1757511131.692386037] [rm_tracker]: [FPS_track] 3002.8[0m
[rm_detector_node-2] [0m[INFO] [1757511132.372031658] [rm_detector]: [38;5;218mNo armors detected[0m[0m
[rm_detector_node-2] [33m[WARN] [1757511132.372095218] [rm_detector]: [FPS_detector] 3054.0[0m
[rm_tracker_node-3] [0m[INFO] [1757511132.374543932] [rm_tracker]: è¿½è¸ª[31mçº¢è‰²[0mè£…ç”²æ¿[0m
[rm_tracker_node-3] [0m[INFO] [1757511132.374927513] [rm_tracker]: å‘å¸ƒ [96myaw[0m:[38;5;218m0.00[0m || [96mpitch[0m:[38;5;218m0.00[0m || [96mshoot[0m:[38;5;218m0[0m[0m
[rm_tracker_node-3] [33m[WARN] [1757511132.692577700] [rm_tracker]: [FPS_track] 2915.5[0m
[rm_detector_node-2] [0m[INFO] [1757511133.372267672] [rm_detector]: [38;5;218mNo armors detected[0m[0m
[rm_detector_node-2] [33m[WARN] [1757511133.372324028] [rm_detector]: [FPS_detector] 3025.0[0m
[rm_tracker_node-3] [0m[INFO] [1757511133.374692964] [rm_tracker]: è¿½è¸ª[31mçº¢è‰²[0mè£…ç”²æ¿[0m
[rm_tracker_node-3] [0m[INFO] [1757511133.375002005] [rm_tracker]: å‘å¸ƒ [96myaw[0m:[38;5;218m0.00[0m || [96mpitch[0m:[38;5;218m0.00[0m || [96mshoot[0m:[38;5;218m0[0m[0m
[rm_tracker_node-3] [33m[WARN] [1757511133.692853796] [rm_tracker]: [FPS_track] 3086.1[0m
[rm_detector_node-2] [0m[INFO] [1757511134.372308495] [rm_detector]: [38;5;218mNo armors detected[0m[0m
[rm_detector_node-2] [33m[WARN] [1757511134.372382695] [rm_detector]: [FPS_detector] 3027.0[0m
[rm_tracker_node-3] [0m[INFO] [1757511134.374836905] [rm_tracker]: è¿½è¸ª[31mçº¢è‰²[0mè£…ç”²æ¿[0m
[rm_tracker_node-3] [0m[INFO] [1757511134.375111111] [rm_tracker]: å‘å¸ƒ [96myaw[0m:[38;5;218m0.00[0m || [96mpitch[0m:[38;5;218m0.00[0m || [96mshoot[0m:[38;5;218m0[0m[0m
[rm_tracker_node-3] [33m[WARN] [1757511134.693080591] [rm_tracker]: [FPS_track] 2726.4[0m
[rm_detector_node-2] [0m[INFO] [1757511135.372348945] [rm_detector]: [38;5;218mNo armors detected[0m[0m
[rm_detector_node-2] [33m[WARN] [1757511135.372397055] [rm_detector]: [FPS_detector] 2905.0[0m
[rm_tracker_node-3] [0m[INFO] [1757511135.374971322] [rm_tracker]: è¿½è¸ª[31mçº¢è‰²[0mè£…ç”²æ¿[0m
[rm_tracker_node-3] [0m[INFO] [1757511135.375246790] [rm_tracker]: å‘å¸ƒ [96myaw[0m:[38;5;218m0.00[0m || [96mpitch[0m:[38;5;218m0.00[0m || [96mshoot[0m:[38;5;218m0[0m[0m
[rm_tracker_node-3] [33m[WARN] [1757511135.693466336] [rm_tracker]: [FPS_track] 2719.5[0m
[rm_detector_node-2] [0m[INFO] [1757511136.372426666] [rm_detector]: [38;5;218mNo armors detected[0m[0m
[rm_detector_node-2] [33m[WARN] [1757511136.372486579] [rm_detector]: [FPS_detector] 2830.0[0m
[rm_tracker_node-3] [0m[INFO] [1757511136.375375167] [rm_tracker]: è¿½è¸ª[31mçº¢è‰²[0mè£…ç”²æ¿[0m
[rm_tracker_node-3] [0m[INFO] [1757511136.376045437] [rm_tracker]: å‘å¸ƒ [96myaw[0m:[38;5;218m0.00[0m || [96mpitch[0m:[38;5;218m0.00[0m || [96mshoot[0m:[38;5;218m0[0m[0m
[rm_tracker_node-3] [33m[WARN] [1757511136.693369828] [rm_tracker]: [FPS_track] 2465.8[0m
[rm_detector_node-2] [0m[INFO] [1757511137.372512767] [rm_detector]: [38;5;218mNo armors detected[0m[0m
[rm_detector_node-2] [33m[WARN] [1757511137.372580895] [rm_detector]: [FPS_detector] 3179.0[0m
[rm_tracker_node-3] [0m[INFO] [1757511137.375849839] [rm_tracker]: è¿½è¸ª[31mçº¢è‰²[0mè£…ç”²æ¿[0m
[rm_tracker_node-3] [0m[INFO] [1757511137.376243478] [rm_tracker]: å‘å¸ƒ [96myaw[0m:[38;5;218m0.00[0m || [96mpitch[0m:[38;5;218m0.00[0m || [96mshoot[0m:[38;5;218m0[0m[0m
[rm_tracker_node-3] [33m[WARN] [1757511137.694285622] [rm_tracker]: [FPS_track] 2588.3[0m
[rm_detector_node-2] [0m[INFO] [1757511138.372638197] [rm_detector]: [38;5;218mNo armors detected[0m[0m
[rm_detector_node-2] [33m[WARN] [1757511138.372718678] [rm_detector]: [FPS_detector] 2727.0[0m
[rm_tracker_node-3] [0m[INFO] [1757511138.376056028] [rm_tracker]: è¿½è¸ª[31mçº¢è‰²[0mè£…ç”²æ¿[0m
[rm_tracker_node-3] [0m[INFO] [1757511138.376447584] [rm_tracker]: å‘å¸ƒ [96myaw[0m:[38;5;218m0.00[0m || [96mpitch[0m:[38;5;218m0.00[0m || [96mshoot[0m:[38;5;218m0[0m[0m
[rm_tracker_node-3] [33m[WARN] [1757511138.695881191] [rm_tracker]: [FPS_track] 2397.4[0m
[rm_detector_node-2] [0m[INFO] [1757511139.374133203] [rm_detector]: [38;5;218mNo armors detected[0m[0m
[rm_detector_node-2] [33m[WARN] [1757511139.374192094] [rm_detector]: [FPS_detector] 1954.0[0m
[rm_tracker_node-3] [0m[INFO] [1757511139.380448180] [rm_tracker]: è¿½è¸ª[31mçº¢è‰²[0mè£…ç”²æ¿[0m
[rm_tracker_node-3] [0m[INFO] [1757511139.384119698] [rm_tracker]: å‘å¸ƒ [96myaw[0m:[38;5;218m0.00[0m || [96mpitch[0m:[38;5;218m0.00[0m || [96mshoot[0m:[38;5;218m0[0m[0m
[rm_tracker_node-3] [33m[WARN] [1757511139.695454409] [rm_tracker]: [FPS_track] 1039.7[0m
[rm_detector_node-2] [0m[INFO] [1757511140.375609649] [rm_detector]: [38;5;218mNo armors detected[0m[0m
[rm_detector_node-2] [33m[WARN] [1757511140.375681755] [rm_detector]: [FPS_detector] 1918.1[0m
[rm_tracker_node-3] [0m[INFO] [1757511140.378661578] [rm_tracker]: è¿½è¸ª[31mçº¢è‰²[0mè£…ç”²æ¿[0m
[rm_tracker_node-3] [0m[INFO] [1757511140.381965758] [rm_tracker]: å‘å¸ƒ [96myaw[0m:[38;5;218m0.00[0m || [96mpitch[0m:[38;5;218m0.00[0m || [96mshoot[0m:[38;5;218m0[0m[0m
[rm_tracker_node-3] [33m[WARN] [1757511140.697791120] [rm_tracker]: [FPS_track] 779.0[0m
[rm_detector_node-2] [0m[INFO] [1757511141.375716232] [rm_detector]: [38;5;218mNo armors detected[0m[0m
[rm_detector_node-2] [33m[WARN] [1757511141.375786975] [rm_detector]: [FPS_detector] 1993.0[0m
[rm_tracker_node-3] [0m[INFO] [1757511141.383875704] [rm_tracker]: è¿½è¸ª[31mçº¢è‰²[0mè£…ç”²æ¿[0m
[rm_tracker_node-3] [0m[INFO] [1757511141.385469209] [rm_tracker]: å‘å¸ƒ [96myaw[0m:[38;5;218m0.00[0m || [96mpitch[0m:[38;5;218m0.00[0m || [96mshoot[0m:[38;5;218m0[0m[0m
[rm_tracker_node-3] [33m[WARN] [1757511141.700175500] [rm_tracker]: [FPS_track] 507.0[0m
[rm_detector_node-2] [0m[INFO] [1757511142.377597882] [rm_detector]: [38;5;218mNo armors detected[0m[0m
[rm_detector_node-2] [33m[WARN] [1757511142.377677201] [rm_detector]: [FPS_detector] 1569.4[0m
[rm_tracker_node-3] [0m[INFO] [1757511142.384058768] [rm_tracker]: è¿½è¸ª[31mçº¢è‰²[0mè£…ç”²æ¿[0m
[rm_tracker_node-3] [0m[INFO] [1757511142.384442940] [rm_tracker]: å‘å¸ƒ [96myaw[0m:[38;5;218m0.00[0m || [96mpitch[0m:[38;5;218m0.00[0m || [96mshoot[0m:[38;5;218m0[0m[0m
[rm_tracker_node-3] [33m[WARN] [1757511142.696467787] [rm_tracker]: [FPS_track] 1100.2[0m
[rm_detector_node-2] [0m[INFO] [1757511143.378356612] [rm_detector]: [38;5;218mNo armors detected[0m[0m
[rm_detector_node-2] [33m[WARN] [1757511143.378431532] [rm_detector]: [FPS_detector] 1124.0[0m
[rm_tracker_node-3] [0m[INFO] [1757511143.387460337] [rm_tracker]: è¿½è¸ª[31mçº¢è‰²[0mè£…ç”²æ¿[0m
[rm_tracker_node-3] [0m[INFO] [1757511143.389114686] [rm_tracker]: å‘å¸ƒ [96myaw[0m:[38;5;218m0.00[0m || [96mpitch[0m:[38;5;218m0.00[0m || [96mshoot[0m:[38;5;218m0[0m[0m
[rm_tracker_node-3] [33m[WARN] [1757511143.696690077] [rm_tracker]: [FPS_track] 1145.6[0m
[rm_detector_node-2] [0m[INFO] [1757511144.381405707] [rm_detector]: [38;5;218mNo armors detected[0m[0m
[rm_detector_node-2] [33m[WARN] [1757511144.381492490] [rm_detector]: [FPS_detector] 955.1[0m
[rm_tracker_node-3] [0m[INFO] [1757511144.390552998] [rm_tracker]: è¿½è¸ª[31mçº¢è‰²[0mè£…ç”²æ¿[0m
[rm_tracker_node-3] [0m[INFO] [1757511144.393752640] [rm_tracker]: å‘å¸ƒ [96myaw[0m:[38;5;218m0.00[0m || [96mpitch[0m:[38;5;218m0.00[0m || [96mshoot[0m:[38;5;218m0[0m[0m
[rm_tracker_node-3] [33m[WARN] [1757511144.698088625] [rm_tracker]: [FPS_track] 612.9[0m
[rm_detector_node-2] [0m[INFO] [1757511145.381574125] [rm_detector]: [38;5;218mNo armors detected[0m[0m
[rm_detector_node-2] [33m[WARN] [1757511145.382501097] [rm_detector]: [FPS_detector] 1516.0[0m
[rm_tracker_node-3] [0m[INFO] [1757511145.393863538] [rm_tracker]: è¿½è¸ª[31mçº¢è‰²[0mè£…ç”²æ¿[0m
[rm_tracker_node-3] [0m[INFO] [1757511145.395509932] [rm_tracker]: å‘å¸ƒ [96myaw[0m:[38;5;218m0.00[0m || [96mpitch[0m:[38;5;218m0.00[0m || [96mshoot[0m:[38;5;218m0[0m[0m
[rm_tracker_node-3] [33m[WARN] [1757511145.703943349] [rm_tracker]: [FPS_track] 753.8[0m
[rm_detector_node-2] [0m[INFO] [1757511146.387892406] [rm_detector]: [38;5;218mNo armors detected[0m[0m
[rm_detector_node-2] [33m[WARN] [1757511146.389095066] [rm_detector]: [FPS_detector] 744.5[0m
[rm_tracker_node-3] [0m[INFO] [1757511146.393803423] [rm_tracker]: è¿½è¸ª[31mçº¢è‰²[0mè£…ç”²æ¿[0m
[rm_tracker_node-3] [0m[INFO] [1757511146.395598165] [rm_tracker]: å‘å¸ƒ [96myaw[0m:[38;5;218m0.00[0m || [96mpitch[0m:[38;5;218m0.00[0m || [96mshoot[0m:[38;5;218m0[0m[0m
[rm_tracker_node-3] [33m[WARN] [1757511146.703464471] [rm_tracker]: [FPS_track] 599.5[0m
[rm_detector_node-2] [0m[INFO] [1757511147.388076621] [rm_detector]: [38;5;218mNo armors detected[0m[0m
[rm_detector_node-2] [33m[WARN] [1757511147.388152574] [rm_detector]: [FPS_detector] 455.0[0m
[rm_tracker_node-3] [0m[INFO] [1757511147.394566791] [rm_tracker]: è¿½è¸ª[31mçº¢è‰²[0mè£…ç”²æ¿[0m
[rm_tracker_node-3] [0m[INFO] [1757511147.397620600] [rm_tracker]: å‘å¸ƒ [96myaw[0m:[38;5;218m0.00[0m || [96mpitch[0m:[38;5;218m0.00[0m || [96mshoot[0m:[38;5;218m0[0m[0m
[rm_tracker_node-3] [33m[WARN] [1757511147.703201868] [rm_tracker]: [FPS_track] 382.0[0m
[rm_detector_node-2] [0m[INFO] [1757511148.388089161] [rm_detector]: [38;5;218mNo armors detected[0m[0m
[rm_detector_node-2] [33m[WARN] [1757511148.388161978] [rm_detector]: [FPS_detector] 943.0[0m
[rm_tracker_node-3] [0m[INFO] [1757511148.397081573] [rm_tracker]: è¿½è¸ª[31mçº¢è‰²[0mè£…ç”²æ¿[0m
[rm_tracker_node-3] [0m[INFO] [1757511148.398675168] [rm_tracker]: å‘å¸ƒ [96myaw[0m:[38;5;218m0.00[0m || [96mpitch[0m:[38;5;218m0.00[0m || [96mshoot[0m:[38;5;218m0[0m[0m
[rm_tracker_node-3] [33m[WARN] [1757511148.705307508] [rm_tracker]: [FPS_track] 545.4[0m
[rm_detector_node-2] [0m[INFO] [1757511149.389436416] [rm_detector]: [38;5;218mNo armors detected[0m[0m
[rm_detector_node-2] [33m[WARN] [1757511149.391053544] [rm_detector]: [FPS_detector] 1577.4[0m
[rm_tracker_node-3] [0m[INFO] [1757511149.396771159] [rm_tracker]: è¿½è¸ª[31mçº¢è‰²[0mè£…ç”²æ¿[0m
[rm_tracker_node-3] [0m[INFO] [1757511149.400635825] [rm_tracker]: å‘å¸ƒ [96myaw[0m:[38;5;218m0.00[0m || [96mpitch[0m:[38;5;218m0.00[0m || [96mshoot[0m:[38;5;218m0[0m[0m
[rm_tracker_node-3] [33m[WARN] [1757511149.709541092] [rm_tracker]: [FPS_track] 565.8[0m
[rm_detector_node-2] [0m[INFO] [1757511150.391187952] [rm_detector]: [38;5;218mNo armors detected[0m[0m
[rm_detector_node-2] [33m[WARN] [1757511150.391265137] [rm_detector]: [FPS_detector] 632.4[0m
[rm_tracker_node-3] [0m[INFO] [1757511150.396329578] [rm_tracker]: è¿½è¸ª[31mçº¢è‰²[0mè£…ç”²æ¿[0m
[rm_tracker_node-3] [0m[INFO] [1757511150.404271136] [rm_tracker]: å‘å¸ƒ [96myaw[0m:[38;5;218m0.00[0m || [96mpitch[0m:[38;5;218m0.00[0m || [96mshoot[0m:[38;5;218m0[0m[0m
[rm_tracker_node-3] [33m[WARN] [1757511150.708252255] [rm_tracker]: [FPS_track] 503.9[0m
[rm_detector_node-2] [0m[INFO] [1757511151.395574283] [rm_detector]: [38;5;218mNo armors detected[0m[0m
[rm_detector_node-2] [33m[WARN] [1757511151.395649784] [rm_detector]: [FPS_detector] 1278.9[0m
[rm_tracker_node-3] [0m[INFO] [1757511151.418564106] [rm_tracker]: è¿½è¸ª[31mçº¢è‰²[0mè£…ç”²æ¿[0m
[rm_tracker_node-3] [0m[INFO] [1757511151.418936676] [rm_tracker]: å‘å¸ƒ [96myaw[0m:[38;5;218m0.00[0m || [96mpitch[0m:[38;5;218m0.00[0m || [96mshoot[0m:[38;5;218m0[0m[0m
[rm_tracker_node-3] [33m[WARN] [1757511151.708709477] [rm_tracker]: [FPS_track] 425.8[0m
[rm_detector_node-2] [0m[INFO] [1757511152.397056706] [rm_detector]: [38;5;218mNo armors detected[0m[0m
[rm_detector_node-2] [33m[WARN] [1757511152.397119514] [rm_detector]: [FPS_detector] 1199.8[0m
[rm_tracker_node-3] [0m[INFO] [1757511152.418307093] [rm_tracker]: è¿½è¸ª[31mçº¢è‰²[0mè£…ç”²æ¿[0m
[rm_tracker_node-3] [0m[INFO] [1757511152.422130076] [rm_tracker]: å‘å¸ƒ [96myaw[0m:[38;5;218m0.00[0m || [96mpitch[0m:[38;5;218m0.00[0m || [96mshoot[0m:[38;5;218m0[0m[0m
[rm_tracker_node-3] [33m[WARN] [1757511152.715036361] [rm_tracker]: [FPS_track] 591.6[0m
[rm_detector_node-2] [0m[INFO] [1757511153.401631993] [rm_detector]: [38;5;218mNo armors detected[0m[0m
[rm_detector_node-2] [33m[WARN] [1757511153.401705300] [rm_detector]: [FPS_detector] 1020.9[0m
[rm_tracker_node-3] [0m[INFO] [1757511153.423276763] [rm_tracker]: è¿½è¸ª[31mçº¢è‰²[0mè£…ç”²æ¿[0m
[rm_tracker_node-3] [0m[INFO] [1757511153.423725607] [rm_tracker]: å‘å¸ƒ [96myaw[0m:[38;5;218m0.00[0m || [96mpitch[0m:[38;5;218m0.00[0m || [96mshoot[0m:[38;5;218m0[0m[0m
[rm_tracker_node-3] [33m[WARN] [1757511153.720194379] [rm_tracker]: [FPS_track] 378.8[0m
[rm_detector_node-2] [0m[INFO] [1757511154.404338894] [rm_detector]: [38;5;218mNo armors detected[0m[0m
[rm_detector_node-2] [33m[WARN] [1757511154.404811372] [rm_detector]: [FPS_detector] 694.6[0m
[rm_tracker_node-3] [0m[INFO] [1757511154.424989958] [rm_tracker]: è¿½è¸ª[31mçº¢è‰²[0mè£…ç”²æ¿[0m
[rm_tracker_node-3] [0m[INFO] [1757511154.425362347] [rm_tracker]: å‘å¸ƒ [96myaw[0m:[38;5;218m0.00[0m || [96mpitch[0m:[38;5;218m0.00[0m || [96mshoot[0m:[38;5;218m0[0m[0m
[rm_tracker_node-3] [33m[WARN] [1757511154.725058888] [rm_tracker]: [FPS_track] 477.4[0m
[rm_detector_node-2] [0m[INFO] [1757511155.404464114] [rm_detector]: [38;5;218mNo armors detected[0m[0m
[rm_detector_node-2] [33m[WARN] [1757511155.404559363] [rm_detector]: [FPS_detector] 945.0[0m
[rm_tracker_node-3] [0m[INFO] [1757511155.424525302] [rm_tracker]: è¿½è¸ª[31mçº¢è‰²[0mè£…ç”²æ¿[0m
[rm_tracker_node-3] [0m[INFO] [1757511155.435587609] [rm_tracker]: å‘å¸ƒ [96myaw[0m:[38;5;218m0.00[0m || [96mpitch[0m:[38;5;218m0.00[0m || [96mshoot[0m:[38;5;218m0[0m[0m
[rm_tracker_node-3] [33m[WARN] [1757511155.723047164] [rm_tracker]: [FPS_track] 459.6[0m
[rm_detector_node-2] [0m[INFO] [1757511156.404801839] [rm_detector]: [38;5;218mNo armors detected[0m[0m
[rm_detector_node-2] [33m[WARN] [1757511156.404873964] [rm_detector]: [FPS_detector] 1347.0[0m
[rm_tracker_node-3] [0m[INFO] [1757511156.432550533] [rm_tracker]: è¿½è¸ª[31mçº¢è‰²[0mè£…ç”²æ¿[0m
[rm_tracker_node-3] [0m[INFO] [1757511156.444587212] [rm_tracker]: å‘å¸ƒ [96myaw[0m:[38;5;218m0.00[0m || [96mpitch[0m:[38;5;218m0.00[0m || [96mshoot[0m:[38;5;218m0[0m[0m
[rm_tracker_node-3] [33m[WARN] [1757511156.722439756] [rm_tracker]: [FPS_track] 303.8[0m
[rm_detector_node-2] [0m[INFO] [1757511157.405928422] [rm_detector]: [38;5;218mNo armors detected[0m[0m
[rm_detector_node-2] [33m[WARN] [1757511157.409211282] [rm_detector]: [FPS_detector] 1378.6[0m
[rm_tracker_node-3] [0m[INFO] [1757511157.434408803] [rm_tracker]: è¿½è¸ª[31mçº¢è‰²[0mè£…ç”²æ¿[0m
[rm_tracker_node-3] [0m[INFO] [1757511157.440016861] [rm_tracker]: å‘å¸ƒ [96myaw[0m:[38;5;218m0.00[0m || [96mpitch[0m:[38;5;218m0.00[0m || [96mshoot[0m:[38;5;218m0[0m[0m
[rm_tracker_node-3] [33m[WARN] [1757511157.726851516] [rm_tracker]: [FPS_track] 365.5[0m
[rm_detector_node-2] [0m[INFO] [1757511158.406156479] [rm_detector]: [38;5;218mNo armors detected[0m[0m
[rm_detector_node-2] [33m[WARN] [1757511158.406220158] [rm_detector]: [FPS_detector] 443.0[0m
[rm_tracker_node-3] [0m[INFO] [1757511158.434684710] [rm_tracker]: è¿½è¸ª[31mçº¢è‰²[0mè£…ç”²æ¿[0m
[rm_tracker_node-3] [0m[INFO] [1757511158.451588469] [rm_tracker]: å‘å¸ƒ [96myaw[0m:[38;5;218m0.00[0m || [96mpitch[0m:[38;5;218m0.00[0m || [96mshoot[0m:[38;5;218m0[0m[0m
[rm_tracker_node-3] [33m[WARN] [1757511158.727771892] [rm_tracker]: [FPS_track] 340.8[0m
[rm_detector_node-2] [0m[INFO] [1757511159.406175014] [rm_detector]: [38;5;218mNo armors detected[0m[0m
[rm_detector_node-2] [33m[WARN] [1757511159.406247059] [rm_detector]: [FPS_detector] 658.0[0m
[rm_tracker_node-3] [0m[INFO] [1757511159.435097461] [rm_tracker]: è¿½è¸ª[31mçº¢è‰²[0mè£…ç”²æ¿[0m
[rm_tracker_node-3] [0m[INFO] [1757511159.449435854] [rm_tracker]: å‘å¸ƒ [96myaw[0m:[38;5;218m0.00[0m || [96mpitch[0m:[38;5;218m0.00[0m || [96mshoot[0m:[38;5;218m0[0m[0m
[rm_tracker_node-3] [33m[WARN] [1757511159.728716065] [rm_tracker]: [FPS_track] 614.3[0m
[rm_detector_node-2] [0m[INFO] [1757511160.406663297] [rm_detector]: [38;5;218mNo armors detected[0m[0m
[rm_detector_node-2] [33m[WARN] [1757511160.407768133] [rm_detector]: [FPS_detector] 411.0[0m
[rm_tracker_node-3] [0m[INFO] [1757511160.435509375] [rm_tracker]: è¿½è¸ª[31mçº¢è‰²[0mè£…ç”²æ¿[0m
[rm_tracker_node-3] [0m[INFO] [1757511160.450416994] [rm_tracker]: å‘å¸ƒ [96myaw[0m:[38;5;218m0.00[0m || [96mpitch[0m:[38;5;218m0.00[0m || [96mshoot[0m:[38;5;218m0[0m[0m
[rm_tracker_node-3] [33m[WARN] [1757511160.730577076] [rm_tracker]: [FPS_track] 575.9[0m
[rm_detector_node-2] [0m[INFO] [1757511161.409529298] [rm_detector]: [38;5;218mNo armors detected[0m[0m
[rm_detector_node-2] [33m[WARN] [1757511161.409606303] [rm_detector]: [FPS_detector] 1017.0[0m
[rm_tracker_node-3] [0m[INFO] [1757511161.435950923] [rm_tracker]: è¿½è¸ª[31mçº¢è‰²[0mè£…ç”²æ¿[0m
[rm_tracker_node-3] [0m[INFO] [1757511161.455880026] [rm_tracker]: å‘å¸ƒ [96myaw[0m:[38;5;218m0.00[0m || [96mpitch[0m:[38;5;218m0.00[0m || [96mshoot[0m:[38;5;218m0[0m[0m
[rm_tracker_node-3] [33m[WARN] [1757511161.731253403] [rm_tracker]: [FPS_track] 692.5[0m
[rm_detector_node-2] [0m[INFO] [1757511162.411301544] [rm_detector]: [38;5;218mNo armors detected[0m[0m
[rm_detector_node-2] [33m[WARN] [1757511162.411396282] [rm_detector]: [FPS_detector] 367.6[0m
[rm_tracker_node-3] [0m[INFO] [1757511162.439468798] [rm_tracker]: è¿½è¸ª[31mçº¢è‰²[0mè£…ç”²æ¿[0m
[rm_tracker_node-3] [0m[INFO] [1757511162.463926883] [rm_tracker]: å‘å¸ƒ [96myaw[0m:[38;5;218m0.00[0m || [96mpitch[0m:[38;5;218m0.00[0m || [96mshoot[0m:[38;5;218m0[0m[0m
[rm_tracker_node-3] [33m[WARN] [1757511162.741026503] [rm_tracker]: [FPS_track] 306.3[0m
[rm_detector_node-2] [0m[INFO] [1757511163.411327372] [rm_detector]: [38;5;218mNo armors detected[0m[0m
[rm_detector_node-2] [33m[WARN] [1757511163.411420607] [rm_detector]: [FPS_detector] 397.0[0m
[rm_tracker_node-3] [0m[INFO] [1757511163.438895687] [rm_tracker]: è¿½è¸ª[31mçº¢è‰²[0mè£…ç”²æ¿[0m
[rm_tracker_node-3] [0m[INFO] [1757511163.461501540] [rm_tracker]: å‘å¸ƒ [96myaw[0m:[38;5;218m0.00[0m || [96mpitch[0m:[38;5;218m0.00[0m || [96mshoot[0m:[38;5;218m0[0m[0m
[rm_tracker_node-3] [33m[WARN] [1757511163.755251365] [rm_tracker]: [FPS_track] 302.4[0m
[rm_detector_node-2] [0m[INFO] [1757511164.419328318] [rm_detector]: [38;5;218mNo armors detected[0m[0m
[rm_detector_node-2] [33m[WARN] [1757511164.419398279] [rm_detector]: [FPS_detector] 766.9[0m
[rm_tracker_node-3] [0m[INFO] [1757511164.445987152] [rm_tracker]: è¿½è¸ª[31mçº¢è‰²[0mè£…ç”²æ¿[0m
[rm_tracker_node-3] [0m[INFO] [1757511164.462540156] [rm_tracker]: å‘å¸ƒ [96myaw[0m:[38;5;218m0.00[0m || [96mpitch[0m:[38;5;218m0.00[0m || [96mshoot[0m:[38;5;218m0[0m[0m
[rm_tracker_node-3] [33m[WARN] [1757511164.760349266] [rm_tracker]: [FPS_track] 338.2[0m
[rm_detector_node-2] [0m[INFO] [1757511165.425144292] [rm_detector]: [38;5;218mNo armors detected[0m[0m
[rm_detector_node-2] [33m[WARN] [1757511165.427062045] [rm_detector]: [FPS_detector] 271.6[0m
[rm_tracker_node-3] [0m[INFO] [1757511165.441472078] [rm_tracker]: è¿½è¸ª[31mçº¢è‰²[0mè£…ç”²æ¿[0m
[rm_tracker_node-3] [0m[INFO] [1757511165.463712164] [rm_tracker]: å‘å¸ƒ [96myaw[0m:[38;5;218m0.00[0m || [96mpitch[0m:[38;5;218m0.00[0m || [96mshoot[0m:[38;5;218m0[0m[0m
[rm_tracker_node-3] [33m[WARN] [1757511165.761592440] [rm_tracker]: [FPS_track] 357.5[0m
[rm_detector_node-2] [0m[INFO] [1757511166.425184753] [rm_detector]: [38;5;218mNo armors detected[0m[0m
[rm_detector_node-2] [33m[WARN] [1757511166.426255866] [rm_detector]: [FPS_detector] 271.0[0m
[rm_tracker_node-3] [0m[INFO] [1757511166.444556916] [rm_tracker]: è¿½è¸ª[31mçº¢è‰²[0mè£…ç”²æ¿[0m
[rm_tracker_node-3] [0m[INFO] [1757511166.477731234] [rm_tracker]: å‘å¸ƒ [96myaw[0m:[38;5;218m0.00[0m || [96mpitch[0m:[38;5;218m0.00[0m || [96mshoot[0m:[38;5;218m0[0m[0m
[rm_tracker_node-3] [33m[WARN] [1757511166.779635115] [rm_tracker]: [FPS_track] 277.0[0m
[rm_detector_node-2] [0m[INFO] [1757511167.435713686] [rm_detector]: [38;5;218mNo armors detected[0m[0m
[rm_detector_node-2] [33m[WARN] [1757511167.438303252] [rm_detector]: [FPS_detector] 281.2[0m
[rm_tracker_node-3] [0m[INFO] [1757511167.446307684] [rm_tracker]: è¿½è¸ª[31mçº¢è‰²[0mè£…ç”²æ¿[0m
[rm_tracker_node-3] [0m[INFO] [1757511167.481922498] [rm_tracker]: å‘å¸ƒ [96myaw[0m:[38;5;218m0.00[0m || [96mpitch[0m:[38;5;218m0.00[0m || [96mshoot[0m:[38;5;218m0[0m[0m
[rm_tracker_node-3] [33m[WARN] [1757511167.773425054] [rm_tracker]: [FPS_track] 374.6[0m
[rm_tracker_node-3] [0m[INFO] [1757511168.447584488] [rm_tracker]: è¿½è¸ª[31mçº¢è‰²[0mè£…ç”²æ¿[0m
[rm_detector_node-2] [0m[INFO] [1757511168.464931010] [rm_detector]: [38;5;218mNo armors detected[0m[0m
[rm_detector_node-2] [33m[WARN] [1757511168.465024796] [rm_detector]: [FPS_detector] 276.0[0m
[rm_tracker_node-3] [0m[INFO] [1757511168.484461896] [rm_tracker]: å‘å¸ƒ [96myaw[0m:[38;5;218m0.00[0m || [96mpitch[0m:[38;5;218m0.00[0m || [96mshoot[0m:[38;5;218m0[0m[0m
[rm_tracker_node-3] [33m[WARN] [1757511168.766664042] [rm_tracker]: [FPS_track] 173.0[0m
[rm_tracker_node-3] [0m[INFO] [1757511169.460230519] [rm_tracker]: è¿½è¸ª[31mçº¢è‰²[0mè£…ç”²æ¿[0m
[rm_detector_node-2] [0m[INFO] [1757511169.465630316] [rm_detector]: [38;5;218mNo armors detected[0m[0m
[rm_detector_node-2] [33m[WARN] [1757511169.465712851] [rm_detector]: [FPS_detector] 367.0[0m
[rm_tracker_node-3] [0m[INFO] [1757511169.487945720] [rm_tracker]: å‘å¸ƒ [96myaw[0m:[38;5;218m0.00[0m || [96mpitch[0m:[38;5;218m0.00[0m || [96mshoot[0m:[38;5;218m0[0m[0m
[rm_tracker_node-3] [33m[WARN] [1757511169.788153134] [rm_tracker]: [FPS_track] 325.0[0m
[rm_tracker_node-3] [0m[INFO] [1757511170.471766891] [rm_tracker]: è¿½è¸ª[31mçº¢è‰²[0mè£…ç”²æ¿[0m
[rm_detector_node-2] [0m[INFO] [1757511170.485947162] [rm_detector]: [38;5;218mNo armors detected[0m[0m
[rm_detector_node-2] [33m[WARN] [1757511170.486013467] [rm_detector]: [FPS_detector] 1458.8[0m
[rm_tracker_node-3] [0m[INFO] [1757511170.489639601] [rm_tracker]: å‘å¸ƒ [96myaw[0m:[38;5;218m0.00[0m || [96mpitch[0m:[38;5;218m0.00[0m || [96mshoot[0m:[38;5;218m0[0m[0m
[rm_tracker_node-3] [33m[WARN] [1757511170.792076531] [rm_tracker]: [FPS_track] 466.9[0m
[rm_tracker_node-3] [0m[INFO] [1757511171.474128714] [rm_tracker]: è¿½è¸ª[31mçº¢è‰²[0mè£…ç”²æ¿[0m
[rm_detector_node-2] [0m[INFO] [1757511171.486082549] [rm_detector]: [38;5;218mNo armors detected[0m[0m
[rm_detector_node-2] [33m[WARN] [1757511171.486145166] [rm_detector]: [FPS_detector] 522.0[0m
[rm_tracker_node-3] [0m[INFO] [1757511171.490419980] [rm_tracker]: å‘å¸ƒ [96myaw[0m:[38;5;218m0.00[0m || [96mpitch[0m:[38;5;218m0.00[0m || [96mshoot[0m:[38;5;218m0[0m[0m
[rm_tracker_node-3] [33m[WARN] [1757511171.798612604] [rm_tracker]: [FPS_track] 407.8[0m
[rm_tracker_node-3] [0m[INFO] [1757511172.484214802] [rm_tracker]: è¿½è¸ª[31mçº¢è‰²[0mè£…ç”²æ¿[0m
[rm_detector_node-2] [0m[INFO] [1757511172.491090778] [rm_detector]: [38;5;218mNo armors detected[0m[0m
[rm_detector_node-2] [33m[WARN] [1757511172.491155509] [rm_detector]: [FPS_detector] 1046.8[0m
[rm_tracker_node-3] [0m[INFO] [1757511172.502869873] [rm_tracker]: å‘å¸ƒ [96myaw[0m:[38;5;218m0.00[0m || [96mpitch[0m:[38;5;218m0.00[0m || [96mshoot[0m:[38;5;218m0[0m[0m
[rm_tracker_node-3] [33m[WARN] [1757511172.814929664] [rm_tracker]: [FPS_track] 288.4[0m
[rm_tracker_node-3] [0m[INFO] [1757511173.477037771] [rm_tracker]: è¿½è¸ª[31mçº¢è‰²[0mè£…ç”²æ¿[0m
[rm_detector_node-2] [0m[INFO] [1757511173.491146222] [rm_detector]: [38;5;218mNo armors detected[0m[0m
[rm_detector_node-2] [33m[WARN] [1757511173.493214609] [rm_detector]: [FPS_detector] 409.0[0m
[rm_tracker_node-3] [0m[INFO] [1757511173.509060705] [rm_tracker]: å‘å¸ƒ [96myaw[0m:[38;5;218m0.00[0m || [96mpitch[0m:[38;5;218m0.00[0m || [96mshoot[0m:[38;5;218m0[0m[0m
[rm_tracker_node-3] [33m[WARN] [1757511173.830821503] [rm_tracker]: [FPS_track] 205.7[0m
[rm_tracker_node-3] [0m[INFO] [1757511174.477047672] [rm_tracker]: è¿½è¸ª[31mçº¢è‰²[0mè£…ç”²æ¿[0m
[rm_detector_node-2] [0m[INFO] [1757511174.491303977] [rm_detector]: [38;5;218mNo armors detected[0m[0m
[rm_detector_node-2] [33m[WARN] [1757511174.491396170] [rm_detector]: [FPS_detector] 563.0[0m
[rm_tracker_node-3] [0m[INFO] [1757511174.513581690] [rm_tracker]: å‘å¸ƒ [96myaw[0m:[38;5;218m0.00[0m || [96mpitch[0m:[38;5;218m0.00[0m || [96mshoot[0m:[38;5;218m0[0m[0m
[rm_tracker_node-3] [33m[WARN] [1757511174.831989304] [rm_tracker]: [FPS_track] 296.7[0m
[rm_detector_node-2] [0m[INFO] [1757511175.494287901] [rm_detector]: [38;5;218mNo armors detected[0m[0m
[rm_detector_node-2] [33m[WARN] [1757511175.494340340] [rm_detector]: [FPS_detector] 429.1[0m
[rm_tracker_node-3] [0m[INFO] [1757511175.494070834] [rm_tracker]: è¿½è¸ª[31mçº¢è‰²[0mè£…ç”²æ¿[0m
[rm_tracker_node-3] [0m[INFO] [1757511175.515757567] [rm_tracker]: å‘å¸ƒ [96myaw[0m:[38;5;218m0.00[0m || [96mpitch[0m:[38;5;218m0.00[0m || [96mshoot[0m:[38;5;218m0[0m[0m
[rm_tracker_node-3] [33m[WARN] [1757511175.832606882] [rm_tracker]: [FPS_track] 270.7[0m
[rm_tracker_node-3] [0m[INFO] [1757511176.484564517] [rm_tracker]: è¿½è¸ª[31mçº¢è‰²[0mè£…ç”²æ¿[0m
[rm_detector_node-2] [0m[INFO] [1757511176.501025283] [rm_detector]: [38;5;218mNo armors detected[0m[0m
[rm_detector_node-2] [33m[WARN] [1757511176.503187591] [rm_detector]: [FPS_detector] 433.4[0m
[rm_tracker_node-3] [0m[INFO] [1757511176.519107812] [rm_tracker]: å‘å¸ƒ [96myaw[0m:[38;5;218m0.00[0m || [96mpitch[0m:[38;5;218m0.00[0m || [96mshoot[0m:[38;5;218m0[0m[0m
[rm_tracker_node-3] [33m[WARN] [1757511176.833046211] [rm_tracker]: [FPS_track] 328.9[0m
[rm_tracker_node-3] [0m[INFO] [1757511177.487237348] [rm_tracker]: è¿½è¸ª[31mçº¢è‰²[0mè£…ç”²æ¿[0m
[rm_tracker_node-3] [0m[INFO] [1757511177.519121067] [rm_tracker]: å‘å¸ƒ [96myaw[0m:[38;5;218m0.00[0m || [96mpitch[0m:[38;5;218m0.00[0m || [96mshoot[0m:[38;5;218m0[0m[0m
[rm_detector_node-2] [0m[INFO] [1757511177.523863284] [rm_detector]: [38;5;218mNo armors detected[0m[0m
[rm_detector_node-2] [33m[WARN] [1757511177.524039606] [rm_detector]: [FPS_detector] 264.2[0m
[rm_tracker_node-3] [33m[WARN] [1757511177.834491876] [rm_tracker]: [FPS_track] 300.6[0m
[rm_tracker_node-3] [0m[INFO] [1757511178.503248178] [rm_tracker]: è¿½è¸ª[31mçº¢è‰²[0mè£…ç”²æ¿[0m
[rm_tracker_node-3] [0m[INFO] [1757511178.519992363] [rm_tracker]: å‘å¸ƒ [96myaw[0m:[38;5;218m0.00[0m || [96mpitch[0m:[38;5;218m0.00[0m || [96mshoot[0m:[38;5;218m0[0m[0m
[rm_detector_node-2] [0m[INFO] [1757511178.523959602] [rm_detector]: [38;5;218mNo armors detected[0m[0m
[rm_detector_node-2] [33m[WARN] [1757511178.527399507] [rm_detector]: [FPS_detector] 565.0[0m
[rm_tracker_node-3] [33m[WARN] [1757511178.834720531] [rm_tracker]: [FPS_track] 452.8[0m
[rm_tracker_node-3] [0m[INFO] [1757511179.519593568] [rm_tracker]: è¿½è¸ª[31mçº¢è‰²[0mè£…ç”²æ¿[0m
[rm_detector_node-2] [0m[INFO] [1757511179.524244378] [rm_detector]: [38;5;218mNo armors detected[0m[0m
[rm_detector_node-2] [33m[WARN] [1757511179.536365891] [rm_detector]: [FPS_detector] 454.0[0m
[rm_tracker_node-3] [0m[INFO] [1757511179.536007508] [rm_tracker]: å‘å¸ƒ [96myaw[0m:[38;5;218m0.00[0m || [96mpitch[0m:[38;5;218m0.00[0m || [96mshoot[0m:[38;5;218m0[0m[0m
[rm_tracker_node-3] [33m[WARN] [1757511179.836172148] [rm_tracker]: [FPS_track] 323.7[0m
[rm_detector_node-2] [0m[INFO] [1757511180.524431862] [rm_detector]: [38;5;218mNo armors detected[0m[0m
[rm_detector_node-2] [33m[WARN] [1757511180.524504799] [rm_detector]: [FPS_detector] 337.0[0m
[rm_tracker_node-3] [0m[INFO] [1757511180.545612494] [rm_tracker]: è¿½è¸ª[31mçº¢è‰²[0mè£…ç”²æ¿[0m
[rm_tracker_node-3] [0m[INFO] [1757511180.554228876] [rm_tracker]: å‘å¸ƒ [96myaw[0m:[38;5;218m0.00[0m || [96mpitch[0m:[38;5;218m0.00[0m || [96mshoot[0m:[38;5;218m0[0m[0m
[rm_tracker_node-3] [33m[WARN] [1757511180.847671872] [rm_tracker]: [FPS_track] 258.8[0m
[rm_detector_node-2] [0m[INFO] [1757511181.531287680] [rm_detector]: [38;5;218mNo armors detected[0m[0m
[rm_detector_node-2] [33m[WARN] [1757511181.531355898] [rm_detector]: [FPS_detector] 306.2[0m
[rm_tracker_node-3] [0m[INFO] [1757511181.551772073] [rm_tracker]: è¿½è¸ª[31mçº¢è‰²[0mè£…ç”²æ¿[0m
[rm_tracker_node-3] [0m[INFO] [1757511181.560945492] [rm_tracker]: å‘å¸ƒ [96myaw[0m:[38;5;218m0.00[0m || [96mpitch[0m:[38;5;218m0.00[0m || [96mshoot[0m:[38;5;218m0[0m[0m
[rm_tracker_node-3] [33m[WARN] [1757511181.861388268] [rm_tracker]: [FPS_track] 183.1[0m
[rm_detector_node-2] [0m[INFO] [1757511182.538695331] [rm_detector]: [38;5;218mNo armors detected[0m[0m
[rm_detector_node-2] [33m[WARN] [1757511182.538836035] [rm_detector]: [FPS_detector] 177.8[0m
[rm_tracker_node-3] [0m[INFO] [1757511182.552949497] [rm_tracker]: è¿½è¸ª[31mçº¢è‰²[0mè£…ç”²æ¿[0m
[rm_tracker_node-3] [0m[INFO] [1757511182.562091677] [rm_tracker]: å‘å¸ƒ [96myaw[0m:[38;5;218m0.00[0m || [96mpitch[0m:[38;5;218m0.00[0m || [96mshoot[0m:[38;5;218m0[0m[0m
[rm_tracker_node-3] [33m[WARN] [1757511182.873770072] [rm_tracker]: [FPS_track] 280.2[0m
[rm_detector_node-2] [0m[INFO] [1757511183.539161856] [rm_detector]: [38;5;218mNo armors detected[0m[0m
[rm_detector_node-2] [33m[WARN] [1757511183.539295948] [rm_detector]: [FPS_detector] 758.0[0m
[rm_tracker_node-3] [0m[INFO] [1757511183.557414673] [rm_tracker]: è¿½è¸ª[31mçº¢è‰²[0mè£…ç”²æ¿[0m
[rm_tracker_node-3] [0m[INFO] [1757511183.580437254] [rm_tracker]: å‘å¸ƒ [96myaw[0m:[38;5;218m0.00[0m || [96mpitch[0m:[38;5;218m0.00[0m || [96mshoot[0m:[38;5;218m0[0m[0m
[rm_tracker_node-3] [33m[WARN] [1757511183.876998905] [rm_tracker]: [FPS_track] 393.9[0m
[rm_detector_node-2] [0m[INFO] [1757511184.543004511] [rm_detector]: [38;5;218mNo armors detected[0m[0m
[rm_detector_node-2] [33m[WARN] [1757511184.543421384] [rm_detector]: [FPS_detector] 282.2[0m
[rm_tracker_node-3] [0m[INFO] [1757511184.563174354] [rm_tracker]: è¿½è¸ª[31mçº¢è‰²[0mè£…ç”²æ¿[0m
[rm_tracker_node-3] [0m[INFO] [1757511184.588879475] [rm_tracker]: å‘å¸ƒ [96myaw[0m:[38;5;218m0.00[0m || [96mpitch[0m:[38;5;218m0.00[0m || [96mshoot[0m:[38;5;218m0[0m[0m
[rm_tracker_node-3] [33m[WARN] [1757511184.874980906] [rm_tracker]: [FPS_track] 372.8[0m
[rm_detector_node-2] [0m[INFO] [1757511185.543077800] [rm_detector]: [38;5;218mNo armors detected[0m[0m
[rm_detector_node-2] [33m[WARN] [1757511185.543138704] [rm_detector]: [FPS_detector] 487.0[0m
[rm_tracker_node-3] [0m[INFO] [1757511185.559358083] [rm_tracker]: è¿½è¸ª[31mçº¢è‰²[0mè£…ç”²æ¿[0m
[rm_tracker_node-3] [0m[INFO] [1757511185.584163418] [rm_tracker]: å‘å¸ƒ [96myaw[0m:[38;5;218m0.00[0m || [96mpitch[0m:[38;5;218m0.00[0m || [96mshoot[0m:[38;5;218m0[0m[0m
[rm_tracker_node-3] [33m[WARN] [1757511185.877075707] [rm_tracker]: [FPS_track] 253.5[0m
[rm_detector_node-2] [0m[INFO] [1757511186.545107307] [rm_detector]: [38;5;218mNo armors detected[0m[0m
[rm_detector_node-2] [33m[WARN] [1757511186.545186546] [rm_detector]: [FPS_detector] 478.0[0m
[rm_tracker_node-3] [0m[INFO] [1757511186.561795168] [rm_tracker]: è¿½è¸ª[31mçº¢è‰²[0mè£…ç”²æ¿[0m
[rm_tracker_node-3] [0m[INFO] [1757511186.589358136] [rm_tracker]: å‘å¸ƒ [96myaw[0m:[38;5;218m0.00[0m || [96mpitch[0m:[38;5;218m0.00[0m || [96mshoot[0m:[38;5;218m0[0m[0m
[rm_tracker_node-3] [33m[WARN] [1757511186.877075681] [rm_tracker]: [FPS_track] 281.0[0m
[rm_detector_node-2] [0m[INFO] [1757511187.546188240] [rm_detector]: [38;5;218mNo armors detected[0m[0m
[rm_detector_node-2] [33m[WARN] [1757511187.546875622] [rm_detector]: [FPS_detector] 543.5[0m
[rm_tracker_node-3] [0m[INFO] [1757511187.565425647] [rm_tracker]: è¿½è¸ª[31mçº¢è‰²[0mè£…ç”²æ¿[0m
[rm_tracker_node-3] [0m[INFO] [1757511187.601324598] [rm_tracker]: å‘å¸ƒ [96myaw[0m:[38;5;218m0.00[0m || [96mpitch[0m:[38;5;218m0.00[0m || [96mshoot[0m:[38;5;218m0[0m[0m
[rm_tracker_node-3] [33m[WARN] [1757511187.878397854] [rm_tracker]: [FPS_track] 218.8[0m
[rm_detector_node-2] [0m[INFO] [1757511188.549042443] [rm_detector]: [38;5;218mNo armors detected[0m[0m
[rm_detector_node-2] [33m[WARN] [1757511188.549117043] [rm_detector]: [FPS_detector] 330.3[0m
[rm_tracker_node-3] [0m[INFO] [1757511188.567819584] [rm_tracker]: è¿½è¸ª[31mçº¢è‰²[0mè£…ç”²æ¿[0m
[rm_tracker_node-3] [0m[INFO] [1757511188.603750430] [rm_tracker]: å‘å¸ƒ [96myaw[0m:[38;5;218m0.00[0m || [96mpitch[0m:[38;5;218m0.00[0m || [96mshoot[0m:[38;5;218m0[0m[0m
[rm_tracker_node-3] [33m[WARN] [1757511188.881564416] [rm_tracker]: [FPS_track] 326.6[0m
[rm_detector_node-2] [0m[INFO] [1757511189.549254431] [rm_detector]: [38;5;218mNo armors detected[0m[0m
[rm_detector_node-2] [33m[WARN] [1757511189.550511333] [rm_detector]: [FPS_detector] 419.0[0m
[rm_tracker_node-3] [0m[INFO] [1757511189.573296188] [rm_tracker]: è¿½è¸ª[31mçº¢è‰²[0mè£…ç”²æ¿[0m
[rm_tracker_node-3] [0m[INFO] [1757511189.614014656] [rm_tracker]: å‘å¸ƒ [96myaw[0m:[38;5;218m0.00[0m || [96mpitch[0m:[38;5;218m0.00[0m || [96mshoot[0m:[38;5;218m0[0m[0m
[rm_tracker_node-3] [33m[WARN] [1757511189.888984789] [rm_tracker]: [FPS_track] 372.0[0m
[rm_detector_node-2] [0m[INFO] [1757511190.555455934] [rm_detector]: [38;5;218mNo armors detected[0m[0m
[rm_detector_node-2] [33m[WARN] [1757511190.556009454] [rm_detector]: [FPS_detector] 383.7[0m
[rm_tracker_node-3] [0m[INFO] [1757511190.577362251] [rm_tracker]: è¿½è¸ª[31mçº¢è‰²[0mè£…ç”²æ¿[0m
[rm_tracker_node-3] [0m[INFO] [1757511190.613247952] [rm_tracker]: å‘å¸ƒ [96myaw[0m:[38;5;218m0.00[0m || [96mpitch[0m:[38;5;218m0.00[0m || [96mshoot[0m:[38;5;218m0[0m[0m
[rm_tracker_node-3] [33m[WARN] [1757511190.907956894] [rm_tracker]: [FPS_track] 271.3[0m
[rm_detector_node-2] [0m[INFO] [1757511191.571661069] [rm_detector]: [38;5;218mNo armors detected[0m[0m
[rm_detector_node-2] [33m[WARN] [1757511191.574816448] [rm_detector]: [FPS_detector] 379.9[0m
[rm_tracker_node-3] [0m[INFO] [1757511191.579663376] [rm_tracker]: è¿½è¸ª[31mçº¢è‰²[0mè£…ç”²æ¿[0m
[rm_tracker_node-3] [0m[INFO] [1757511191.640276437] [rm_tracker]: å‘å¸ƒ [96myaw[0m:[38;5;218m0.00[0m || [96mpitch[0m:[38;5;218m0.00[0m || [96mshoot[0m:[38;5;218m0[0m[0m
[rm_tracker_node-3] [33m[WARN] [1757511191.901203695] [rm_tracker]: [FPS_track] 167.4[0m
[rm_detector_node-2] [0m[INFO] [1757511192.590423374] [rm_detector]: [38;5;218mNo armors detected[0m[0m
[rm_detector_node-2] [33m[WARN] [1757511192.590504206] [rm_detector]: [FPS_detector] 574.7[0m
[rm_tracker_node-3] [0m[INFO] [1757511192.588766876] [rm_tracker]: è¿½è¸ª[31mçº¢è‰²[0mè£…ç”²æ¿[0m
[rm_tracker_node-3] [0m[INFO] [1757511192.650104774] [rm_tracker]: å‘å¸ƒ [96myaw[0m:[38;5;218m0.00[0m || [96mpitch[0m:[38;5;218m0.00[0m || [96mshoot[0m:[38;5;218m0[0m[0m
[rm_tracker_node-3] [33m[WARN] [1757511192.918483042] [rm_tracker]: [FPS_track] 164.5[0m
[rm_tracker_node-3] [0m[INFO] [1757511193.588788480] [rm_tracker]: è¿½è¸ª[31mçº¢è‰²[0mè£…ç”²æ¿[0m
[rm_detector_node-2] [0m[INFO] [1757511193.590741771] [rm_detector]: [38;5;218mNo armors detected[0m[0m
[rm_detector_node-2] [33m[WARN] [1757511193.593261076] [rm_detector]: [FPS_detector] 280.0[0m
[rm_tracker_node-3] [0m[INFO] [1757511193.655372016] [rm_tracker]: å‘å¸ƒ [96myaw[0m:[38;5;218m0.00[0m || [96mpitch[0m:[38;5;218m0.00[0m || [96mshoot[0m:[38;5;218m0[0m[0m
[rm_tracker_node-3] [33m[WARN] [1757511193.913582279] [rm_tracker]: [FPS_track] 245.3[0m
[rm_tracker_node-3] [0m[INFO] [1757511194.587865416] [rm_tracker]: è¿½è¸ª[31mçº¢è‰²[0mè£…ç”²æ¿[0m
[rm_detector_node-2] [0m[INFO] [1757511194.598393670] [rm_detector]: [38;5;218mNo armors detected[0m[0m
[rm_detector_node-2] [33m[WARN] [1757511194.598457731] [rm_detector]: [FPS_detector] 726.9[0m
[rm_tracker_node-3] [0m[INFO] [1757511194.665598545] [rm_tracker]: å‘å¸ƒ [96myaw[0m:[38;5;218m0.00[0m || [96mpitch[0m:[38;5;218m0.00[0m || [96mshoot[0m:[38;5;218m0[0m[0m
[rm_tracker_node-3] [33m[WARN] [1757511194.922992141] [rm_tracker]: [FPS_track] 287.7[0m
[rm_tracker_node-3] [0m[INFO] [1757511195.592889770] [rm_tracker]: è¿½è¸ª[31mçº¢è‰²[0mè£…ç”²æ¿[0m
[rm_detector_node-2] [0m[INFO] [1757511195.600355611] [rm_detector]: [38;5;218mNo armors detected[0m[0m
[rm_detector_node-2] [33m[WARN] [1757511195.600418649] [rm_detector]: [FPS_detector] 529.5[0m
[rm_tracker_node-3] [0m[INFO] [1757511195.667321090] [rm_tracker]: å‘å¸ƒ [96myaw[0m:[38;5;218m0.00[0m || [96mpitch[0m:[38;5;218m0.00[0m || [96mshoot[0m:[38;5;218m0[0m[0m
[rm_tracker_node-3] [33m[WARN] [1757511195.923029218] [rm_tracker]: [FPS_track] 255.8[0m
[rm_tracker_node-3] [0m[INFO] [1757511196.598161672] [rm_tracker]: è¿½è¸ª[31mçº¢è‰²[0mè£…ç”²æ¿[0m
[rm_detector_node-2] [0m[INFO] [1757511196.605682917] [rm_detector]: [38;5;218mNo armors detected[0m[0m
[rm_detector_node-2] [33m[WARN] [1757511196.605762487] [rm_detector]: [FPS_detector] 323.4[0m
[rm_tracker_node-3] [0m[INFO] [1757511196.669247299] [rm_tracker]: å‘å¸ƒ [96myaw[0m:[38;5;218m0.00[0m || [96mpitch[0m:[38;5;218m0.00[0m || [96mshoot[0m:[38;5;218m0[0m[0m
[rm_tracker_node-3] [33m[WARN] [1757511196.929755485] [rm_tracker]: [FPS_track] 296.7[0m
[rm_tracker_node-3] [0m[INFO] [1757511197.598476256] [rm_tracker]: è¿½è¸ª[31mçº¢è‰²[0mè£…ç”²æ¿[0m
[rm_detector_node-2] [0m[INFO] [1757511197.612639709] [rm_detector]: [38;5;218mNo armors detected[0m[0m
[rm_detector_node-2] [33m[WARN] [1757511197.617789075] [rm_detector]: [FPS_detector] 395.6[0m
[rm_tracker_node-3] [0m[INFO] [1757511197.678142079] [rm_tracker]: å‘å¸ƒ [96myaw[0m:[38;5;218m0.00[0m || [96mpitch[0m:[38;5;218m0.00[0m || [96mshoot[0m:[38;5;218m0[0m[0m
